 
****************************************
Report : isolation_cell
Design : accel_top
Version: V-2023.12-SP4
Date   : Fri May 29 14:22:24 2026
****************************************

------------------------------------------------------------------------------------------------------------------------------------------------

 Power Domain  :  PD_COMPUTE

=========================================================================================================================
| Port                   | Boundary | Port Dir.| ISO Cell Name                | ISO Lib Cell       | ISO Strategy       |
=========================================================================================================================
| u_compute/result_valid | LowConn  | Out      | snps_PD_COMPUTE__ISO_COMPUTE_OUT_snps_result_valid_UPF_ISO
                                                                              | LSUPENCLX4_RVT     | ISO_COMPUTE_OUT    |
| u_compute/result_data[247]
                         | LowConn  | Out      | snps_PD_COMPUTE__ISO_COMPUTE_OUT_snps_result_data_247__UPF_ISO
                                                                              | LSUPENCLX2_RVT     | ISO_COMPUTE_OUT    |
| u_compute/result_data[172]
                         | LowConn  | Out      | snps_PD_COMPUTE__ISO_COMPUTE_OUT_snps_result_data_172__UPF_ISO
                                                                              | LSUPENCLX2_RVT     | ISO_COMPUTE_OUT    |
| u_compute/result_data[238]
                         | LowConn  | Out      | snps_PD_COMPUTE__ISO_COMPUTE_OUT_snps_result_data_238__UPF_ISO
                                                                              | LSUPENCLX2_RVT     | ISO_COMPUTE_OUT    |
| u_compute/result_data[241]
                         | LowConn  | Out      | snps_PD_COMPUTE__ISO_COMPUTE_OUT_snps_result_data_241__UPF_ISO
                                                                              | LSUPENCLX2_RVT     | ISO_COMPUTE_OUT    |
| u_compute/result_data[244]
                         | LowConn  | Out      | snps_PD_COMPUTE__ISO_COMPUTE_OUT_snps_result_data_244__UPF_ISO
                                                                              | LSUPENCLX2_RVT     | ISO_COMPUTE_OUT    |
| u_compute/result_data[173]
                         | LowConn  | Out      | snps_PD_COMPUTE__ISO_COMPUTE_OUT_snps_result_data_173__UPF_ISO
                                                                              | LSUPENCLX1_RVT     | ISO_COMPUTE_OUT    |
| u_compute/result_data[164]
                         | LowConn  | Out      | snps_PD_COMPUTE__ISO_COMPUTE_OUT_snps_result_data_164__UPF_ISO
                                                                              | LSUPENCLX1_RVT     | ISO_COMPUTE_OUT    |
| u_compute/result_data[167]
                         | LowConn  | Out      | snps_PD_COMPUTE__ISO_COMPUTE_OUT_snps_result_data_167__UPF_ISO
                                                                              | LSUPENCLX1_RVT     | ISO_COMPUTE_OUT    |
| u_compute/result_data[169]
                         | LowConn  | Out      | snps_PD_COMPUTE__ISO_COMPUTE_OUT_snps_result_data_169__UPF_ISO
                                                                              | LSUPENCLX1_RVT     | ISO_COMPUTE_OUT    |
| u_compute/result_data[170]
                         | LowConn  | Out      | snps_PD_COMPUTE__ISO_COMPUTE_OUT_snps_result_data_170__UPF_ISO
                                                                              | LSUPENCLX1_RVT     | ISO_COMPUTE_OUT    |
| u_compute/result_data[161]
                         | LowConn  | Out      | snps_PD_COMPUTE__ISO_COMPUTE_OUT_snps_result_data_161__UPF_ISO
                                                                              | LSUPENCLX2_RVT     | ISO_COMPUTE_OUT    |
| u_compute/result_data[162]
                         | LowConn  | Out      | snps_PD_COMPUTE__ISO_COMPUTE_OUT_snps_result_data_162__UPF_ISO
                                                                              | LSUPENCLX2_RVT     | ISO_COMPUTE_OUT    |
| u_compute/result_data[163]
                         | LowConn  | Out      | snps_PD_COMPUTE__ISO_COMPUTE_OUT_snps_result_data_163__UPF_ISO
                                                                              | LSUPENCLX2_RVT     | ISO_COMPUTE_OUT    |
| u_compute/result_data[174]
                         | LowConn  | Out      | snps_PD_COMPUTE__ISO_COMPUTE_OUT_snps_result_data_174__UPF_ISO
                                                                              | LSUPENCLX2_RVT     | ISO_COMPUTE_OUT    |
| u_compute/result_data[150]
                         | LowConn  | Out      | snps_PD_COMPUTE__ISO_COMPUTE_OUT_snps_result_data_150__UPF_ISO
                                                                              | LSUPENCLX2_RVT     | ISO_COMPUTE_OUT    |
| u_compute/result_data[151]
                         | LowConn  | Out      | snps_PD_COMPUTE__ISO_COMPUTE_OUT_snps_result_data_151__UPF_ISO
                                                                              | LSUPENCLX2_RVT     | ISO_COMPUTE_OUT    |
| u_compute/result_data[30]
                         | LowConn  | Out      | snps_PD_COMPUTE__ISO_COMPUTE_OUT_snps_result_data_30__UPF_ISO
                                                                              | LSUPENCLX2_RVT     | ISO_COMPUTE_OUT    |
| u_compute/result_data[29]
                         | LowConn  | Out      | snps_PD_COMPUTE__ISO_COMPUTE_OUT_snps_result_data_29__UPF_ISO
                                                                              | LSUPENCLX2_RVT     | ISO_COMPUTE_OUT    |
| u_compute/result_col[0]
                         | LowConn  | Out      | snps_PD_COMPUTE__ISO_COMPUTE_OUT_snps_result_col_0__UPF_ISO
                                                                              | LSUPENCLX4_RVT     | ISO_COMPUTE_OUT    |
| u_compute/result_data[31]
                         | LowConn  | Out      | snps_PD_COMPUTE__ISO_COMPUTE_OUT_snps_result_data_31__UPF_ISO
                                                                              | LSUPENCLX2_RVT     | ISO_COMPUTE_OUT    |
| u_compute/result_col[1]
                         | LowConn  | Out      | snps_PD_COMPUTE__ISO_COMPUTE_OUT_snps_result_col_1__UPF_ISO
                                                                              | LSUPENCLX4_RVT     | ISO_COMPUTE_OUT    |
| u_compute/result_col[2]
                         | LowConn  | Out      | snps_PD_COMPUTE__ISO_COMPUTE_OUT_snps_result_col_2__UPF_ISO
                                                                              | LSUPENCLX4_RVT     | ISO_COMPUTE_OUT    |
| u_compute/result_data[0]
                         | LowConn  | Out      | snps_PD_COMPUTE__ISO_COMPUTE_OUT_snps_result_data_0__UPF_ISO
                                                                              | LSUPENCLX2_RVT     | ISO_COMPUTE_OUT    |
| u_compute/result_data[1]
                         | LowConn  | Out      | snps_PD_COMPUTE__ISO_COMPUTE_OUT_snps_result_data_1__UPF_ISO
                                                                              | LSUPENCLX2_RVT     | ISO_COMPUTE_OUT    |
| u_compute/result_data[2]
                         | LowConn  | Out      | snps_PD_COMPUTE__ISO_COMPUTE_OUT_snps_result_data_2__UPF_ISO
                                                                              | LSUPENCLX2_RVT     | ISO_COMPUTE_OUT    |
| u_compute/result_data[3]
                         | LowConn  | Out      | snps_PD_COMPUTE__ISO_COMPUTE_OUT_snps_result_data_3__UPF_ISO
                                                                              | LSUPENCLX2_RVT     | ISO_COMPUTE_OUT    |
| u_compute/result_data[4]
                         | LowConn  | Out      | snps_PD_COMPUTE__ISO_COMPUTE_OUT_snps_result_data_4__UPF_ISO
                                                                              | LSUPENCLX2_RVT     | ISO_COMPUTE_OUT    |
| u_compute/result_data[5]
                         | LowConn  | Out      | snps_PD_COMPUTE__ISO_COMPUTE_OUT_snps_result_data_5__UPF_ISO
                                                                              | LSUPENCLX2_RVT     | ISO_COMPUTE_OUT    |
| u_compute/result_data[6]
                         | LowConn  | Out      | snps_PD_COMPUTE__ISO_COMPUTE_OUT_snps_result_data_6__UPF_ISO
                                                                              | LSUPENCLX2_RVT     | ISO_COMPUTE_OUT    |
| u_compute/result_data[7]
                         | LowConn  | Out      | snps_PD_COMPUTE__ISO_COMPUTE_OUT_snps_result_data_7__UPF_ISO
                                                                              | LSUPENCLX2_RVT     | ISO_COMPUTE_OUT    |
| u_compute/result_data[8]
                         | LowConn  | Out      | snps_PD_COMPUTE__ISO_COMPUTE_OUT_snps_result_data_8__UPF_ISO
                                                                              | LSUPENCLX2_RVT     | ISO_COMPUTE_OUT    |
| u_compute/result_data[9]
                         | LowConn  | Out      | snps_PD_COMPUTE__ISO_COMPUTE_OUT_snps_result_data_9__UPF_ISO
                                                                              | LSUPENCLX2_RVT     | ISO_COMPUTE_OUT    |
| u_compute/result_data[10]
                         | LowConn  | Out      | snps_PD_COMPUTE__ISO_COMPUTE_OUT_snps_result_data_10__UPF_ISO
                                                                              | LSUPENCLX2_RVT     | ISO_COMPUTE_OUT    |
| u_compute/result_data[11]
                         | LowConn  | Out      | snps_PD_COMPUTE__ISO_COMPUTE_OUT_snps_result_data_11__UPF_ISO
                                                                              | LSUPENCLX2_RVT     | ISO_COMPUTE_OUT    |
| u_compute/result_data[12]
                         | LowConn  | Out      | snps_PD_COMPUTE__ISO_COMPUTE_OUT_snps_result_data_12__UPF_ISO
                                                                              | LSUPENCLX2_RVT     | ISO_COMPUTE_OUT    |
| u_compute/result_data[13]
                         | LowConn  | Out      | snps_PD_COMPUTE__ISO_COMPUTE_OUT_snps_result_data_13__UPF_ISO
                                                                              | LSUPENCLX2_RVT     | ISO_COMPUTE_OUT    |
| u_compute/result_data[14]
                         | LowConn  | Out      | snps_PD_COMPUTE__ISO_COMPUTE_OUT_snps_result_data_14__UPF_ISO
                                                                              | LSUPENCLX2_RVT     | ISO_COMPUTE_OUT    |
| u_compute/result_data[15]
                         | LowConn  | Out      | snps_PD_COMPUTE__ISO_COMPUTE_OUT_snps_result_data_15__UPF_ISO
                                                                              | LSUPENCLX2_RVT     | ISO_COMPUTE_OUT    |
| u_compute/result_data[16]
                         | LowConn  | Out      | snps_PD_COMPUTE__ISO_COMPUTE_OUT_snps_result_data_16__UPF_ISO
                                                                              | LSUPENCLX2_RVT     | ISO_COMPUTE_OUT    |
| u_compute/result_data[17]
                         | LowConn  | Out      | snps_PD_COMPUTE__ISO_COMPUTE_OUT_snps_result_data_17__UPF_ISO
                                                                              | LSUPENCLX2_RVT     | ISO_COMPUTE_OUT    |
| u_compute/result_data[18]
                         | LowConn  | Out      | snps_PD_COMPUTE__ISO_COMPUTE_OUT_snps_result_data_18__UPF_ISO
                                                                              | LSUPENCLX2_RVT     | ISO_COMPUTE_OUT    |
| u_compute/result_data[19]
                         | LowConn  | Out      | snps_PD_COMPUTE__ISO_COMPUTE_OUT_snps_result_data_19__UPF_ISO
                                                                              | LSUPENCLX2_RVT     | ISO_COMPUTE_OUT    |
| u_compute/result_data[20]
                         | LowConn  | Out      | snps_PD_COMPUTE__ISO_COMPUTE_OUT_snps_result_data_20__UPF_ISO
                                                                              | LSUPENCLX2_RVT     | ISO_COMPUTE_OUT    |
| u_compute/result_data[21]
                         | LowConn  | Out      | snps_PD_COMPUTE__ISO_COMPUTE_OUT_snps_result_data_21__UPF_ISO
                                                                              | LSUPENCLX2_RVT     | ISO_COMPUTE_OUT    |
| u_compute/result_data[22]
                         | LowConn  | Out      | snps_PD_COMPUTE__ISO_COMPUTE_OUT_snps_result_data_22__UPF_ISO
                                                                              | LSUPENCLX2_RVT     | ISO_COMPUTE_OUT    |
| u_compute/result_data[23]
                         | LowConn  | Out      | snps_PD_COMPUTE__ISO_COMPUTE_OUT_snps_result_data_23__UPF_ISO
                                                                              | LSUPENCLX2_RVT     | ISO_COMPUTE_OUT    |
| u_compute/result_data[24]
                         | LowConn  | Out      | snps_PD_COMPUTE__ISO_COMPUTE_OUT_snps_result_data_24__UPF_ISO
                                                                              | LSUPENCLX2_RVT     | ISO_COMPUTE_OUT    |
| u_compute/result_data[25]
                         | LowConn  | Out      | snps_PD_COMPUTE__ISO_COMPUTE_OUT_snps_result_data_25__UPF_ISO
                                                                              | LSUPENCLX2_RVT     | ISO_COMPUTE_OUT    |
| u_compute/result_data[26]
                         | LowConn  | Out      | snps_PD_COMPUTE__ISO_COMPUTE_OUT_snps_result_data_26__UPF_ISO
                                                                              | LSUPENCLX2_RVT     | ISO_COMPUTE_OUT    |
| u_compute/result_data[27]
                         | LowConn  | Out      | snps_PD_COMPUTE__ISO_COMPUTE_OUT_snps_result_data_27__UPF_ISO
                                                                              | LSUPENCLX2_RVT     | ISO_COMPUTE_OUT    |
| u_compute/result_data[28]
                         | LowConn  | Out      | snps_PD_COMPUTE__ISO_COMPUTE_OUT_snps_result_data_28__UPF_ISO
                                                                              | LSUPENCLX2_RVT     | ISO_COMPUTE_OUT    |
| u_compute/result_data[32]
                         | LowConn  | Out      | snps_PD_COMPUTE__ISO_COMPUTE_OUT_snps_result_data_32__UPF_ISO
                                                                              | LSUPENCLX2_RVT     | ISO_COMPUTE_OUT    |
| u_compute/result_data[33]
                         | LowConn  | Out      | snps_PD_COMPUTE__ISO_COMPUTE_OUT_snps_result_data_33__UPF_ISO
                                                                              | LSUPENCLX2_RVT     | ISO_COMPUTE_OUT    |
| u_compute/result_data[34]
                         | LowConn  | Out      | snps_PD_COMPUTE__ISO_COMPUTE_OUT_snps_result_data_34__UPF_ISO
                                                                              | LSUPENCLX2_RVT     | ISO_COMPUTE_OUT    |
| u_compute/result_data[35]
                         | LowConn  | Out      | snps_PD_COMPUTE__ISO_COMPUTE_OUT_snps_result_data_35__UPF_ISO
                                                                              | LSUPENCLX2_RVT     | ISO_COMPUTE_OUT    |
| u_compute/result_data[36]
                         | LowConn  | Out      | snps_PD_COMPUTE__ISO_COMPUTE_OUT_snps_result_data_36__UPF_ISO
                                                                              | LSUPENCLX2_RVT     | ISO_COMPUTE_OUT    |
| u_compute/result_data[37]
                         | LowConn  | Out      | snps_PD_COMPUTE__ISO_COMPUTE_OUT_snps_result_data_37__UPF_ISO
                                                                              | LSUPENCLX2_RVT     | ISO_COMPUTE_OUT    |
| u_compute/result_data[38]
                         | LowConn  | Out      | snps_PD_COMPUTE__ISO_COMPUTE_OUT_snps_result_data_38__UPF_ISO
                                                                              | LSUPENCLX2_RVT     | ISO_COMPUTE_OUT    |
| u_compute/result_data[39]
                         | LowConn  | Out      | snps_PD_COMPUTE__ISO_COMPUTE_OUT_snps_result_data_39__UPF_ISO
                                                                              | LSUPENCLX2_RVT     | ISO_COMPUTE_OUT    |
| u_compute/result_data[40]
                         | LowConn  | Out      | snps_PD_COMPUTE__ISO_COMPUTE_OUT_snps_result_data_40__UPF_ISO
                                                                              | LSUPENCLX2_RVT     | ISO_COMPUTE_OUT    |
| u_compute/result_data[41]
                         | LowConn  | Out      | snps_PD_COMPUTE__ISO_COMPUTE_OUT_snps_result_data_41__UPF_ISO
                                                                              | LSUPENCLX2_RVT     | ISO_COMPUTE_OUT    |
| u_compute/result_data[42]
                         | LowConn  | Out      | snps_PD_COMPUTE__ISO_COMPUTE_OUT_snps_result_data_42__UPF_ISO
                                                                              | LSUPENCLX2_RVT     | ISO_COMPUTE_OUT    |
| u_compute/result_data[43]
                         | LowConn  | Out      | snps_PD_COMPUTE__ISO_COMPUTE_OUT_snps_result_data_43__UPF_ISO
                                                                              | LSUPENCLX2_RVT     | ISO_COMPUTE_OUT    |
| u_compute/result_data[44]
                         | LowConn  | Out      | snps_PD_COMPUTE__ISO_COMPUTE_OUT_snps_result_data_44__UPF_ISO
                                                                              | LSUPENCLX2_RVT     | ISO_COMPUTE_OUT    |
| u_compute/result_data[45]
                         | LowConn  | Out      | snps_PD_COMPUTE__ISO_COMPUTE_OUT_snps_result_data_45__UPF_ISO
                                                                              | LSUPENCLX2_RVT     | ISO_COMPUTE_OUT    |
| u_compute/result_data[46]
                         | LowConn  | Out      | snps_PD_COMPUTE__ISO_COMPUTE_OUT_snps_result_data_46__UPF_ISO
                                                                              | LSUPENCLX2_RVT     | ISO_COMPUTE_OUT    |
| u_compute/result_data[47]
                         | LowConn  | Out      | snps_PD_COMPUTE__ISO_COMPUTE_OUT_snps_result_data_47__UPF_ISO
                                                                              | LSUPENCLX2_RVT     | ISO_COMPUTE_OUT    |
| u_compute/result_data[48]
                         | LowConn  | Out      | snps_PD_COMPUTE__ISO_COMPUTE_OUT_snps_result_data_48__UPF_ISO
                                                                              | LSUPENCLX2_RVT     | ISO_COMPUTE_OUT    |
| u_compute/result_data[49]
                         | LowConn  | Out      | snps_PD_COMPUTE__ISO_COMPUTE_OUT_snps_result_data_49__UPF_ISO
                                                                              | LSUPENCLX2_RVT     | ISO_COMPUTE_OUT    |
| u_compute/result_data[50]
                         | LowConn  | Out      | snps_PD_COMPUTE__ISO_COMPUTE_OUT_snps_result_data_50__UPF_ISO
                                                                              | LSUPENCLX2_RVT     | ISO_COMPUTE_OUT    |
| u_compute/result_data[51]
                         | LowConn  | Out      | snps_PD_COMPUTE__ISO_COMPUTE_OUT_snps_result_data_51__UPF_ISO
                                                                              | LSUPENCLX2_RVT     | ISO_COMPUTE_OUT    |
| u_compute/result_data[52]
                         | LowConn  | Out      | snps_PD_COMPUTE__ISO_COMPUTE_OUT_snps_result_data_52__UPF_ISO
                                                                              | LSUPENCLX2_RVT     | ISO_COMPUTE_OUT    |
| u_compute/result_data[53]
                         | LowConn  | Out      | snps_PD_COMPUTE__ISO_COMPUTE_OUT_snps_result_data_53__UPF_ISO
                                                                              | LSUPENCLX2_RVT     | ISO_COMPUTE_OUT    |
| u_compute/result_data[54]
                         | LowConn  | Out      | snps_PD_COMPUTE__ISO_COMPUTE_OUT_snps_result_data_54__UPF_ISO
                                                                              | LSUPENCLX2_RVT     | ISO_COMPUTE_OUT    |
| u_compute/result_data[55]
                         | LowConn  | Out      | snps_PD_COMPUTE__ISO_COMPUTE_OUT_snps_result_data_55__UPF_ISO
                                                                              | LSUPENCLX2_RVT     | ISO_COMPUTE_OUT    |
| u_compute/result_data[56]
                         | LowConn  | Out      | snps_PD_COMPUTE__ISO_COMPUTE_OUT_snps_result_data_56__UPF_ISO
                                                                              | LSUPENCLX2_RVT     | ISO_COMPUTE_OUT    |
| u_compute/result_data[57]
                         | LowConn  | Out      | snps_PD_COMPUTE__ISO_COMPUTE_OUT_snps_result_data_57__UPF_ISO
                                                                              | LSUPENCLX2_RVT     | ISO_COMPUTE_OUT    |
| u_compute/result_data[58]
                         | LowConn  | Out      | snps_PD_COMPUTE__ISO_COMPUTE_OUT_snps_result_data_58__UPF_ISO
                                                                              | LSUPENCLX2_RVT     | ISO_COMPUTE_OUT    |
| u_compute/result_data[59]
                         | LowConn  | Out      | snps_PD_COMPUTE__ISO_COMPUTE_OUT_snps_result_data_59__UPF_ISO
                                                                              | LSUPENCLX2_RVT     | ISO_COMPUTE_OUT    |
| u_compute/result_data[60]
                         | LowConn  | Out      | snps_PD_COMPUTE__ISO_COMPUTE_OUT_snps_result_data_60__UPF_ISO
                                                                              | LSUPENCLX2_RVT     | ISO_COMPUTE_OUT    |
| u_compute/result_data[61]
                         | LowConn  | Out      | snps_PD_COMPUTE__ISO_COMPUTE_OUT_snps_result_data_61__UPF_ISO
                                                                              | LSUPENCLX2_RVT     | ISO_COMPUTE_OUT    |
| u_compute/result_data[62]
                         | LowConn  | Out      | snps_PD_COMPUTE__ISO_COMPUTE_OUT_snps_result_data_62__UPF_ISO
                                                                              | LSUPENCLX2_RVT     | ISO_COMPUTE_OUT    |
| u_compute/result_data[63]
                         | LowConn  | Out      | snps_PD_COMPUTE__ISO_COMPUTE_OUT_snps_result_data_63__UPF_ISO
                                                                              | LSUPENCLX2_RVT     | ISO_COMPUTE_OUT    |
| u_compute/result_data[64]
                         | LowConn  | Out      | snps_PD_COMPUTE__ISO_COMPUTE_OUT_snps_result_data_64__UPF_ISO
                                                                              | LSUPENCLX2_RVT     | ISO_COMPUTE_OUT    |
| u_compute/result_data[65]
                         | LowConn  | Out      | snps_PD_COMPUTE__ISO_COMPUTE_OUT_snps_result_data_65__UPF_ISO
                                                                              | LSUPENCLX2_RVT     | ISO_COMPUTE_OUT    |
| u_compute/result_data[66]
                         | LowConn  | Out      | snps_PD_COMPUTE__ISO_COMPUTE_OUT_snps_result_data_66__UPF_ISO
                                                                              | LSUPENCLX2_RVT     | ISO_COMPUTE_OUT    |
| u_compute/result_data[67]
                         | LowConn  | Out      | snps_PD_COMPUTE__ISO_COMPUTE_OUT_snps_result_data_67__UPF_ISO
                                                                              | LSUPENCLX2_RVT     | ISO_COMPUTE_OUT    |
| u_compute/result_data[68]
                         | LowConn  | Out      | snps_PD_COMPUTE__ISO_COMPUTE_OUT_snps_result_data_68__UPF_ISO
                                                                              | LSUPENCLX2_RVT     | ISO_COMPUTE_OUT    |
| u_compute/result_data[69]
                         | LowConn  | Out      | snps_PD_COMPUTE__ISO_COMPUTE_OUT_snps_result_data_69__UPF_ISO
                                                                              | LSUPENCLX2_RVT     | ISO_COMPUTE_OUT    |
| u_compute/result_data[70]
                         | LowConn  | Out      | snps_PD_COMPUTE__ISO_COMPUTE_OUT_snps_result_data_70__UPF_ISO
                                                                              | LSUPENCLX2_RVT     | ISO_COMPUTE_OUT    |
| u_compute/result_data[71]
                         | LowConn  | Out      | snps_PD_COMPUTE__ISO_COMPUTE_OUT_snps_result_data_71__UPF_ISO
                                                                              | LSUPENCLX2_RVT     | ISO_COMPUTE_OUT    |
| u_compute/result_data[72]
                         | LowConn  | Out      | snps_PD_COMPUTE__ISO_COMPUTE_OUT_snps_result_data_72__UPF_ISO
                                                                              | LSUPENCLX2_RVT     | ISO_COMPUTE_OUT    |
| u_compute/result_data[73]
                         | LowConn  | Out      | snps_PD_COMPUTE__ISO_COMPUTE_OUT_snps_result_data_73__UPF_ISO
                                                                              | LSUPENCLX2_RVT     | ISO_COMPUTE_OUT    |
| u_compute/result_data[74]
                         | LowConn  | Out      | snps_PD_COMPUTE__ISO_COMPUTE_OUT_snps_result_data_74__UPF_ISO
                                                                              | LSUPENCLX2_RVT     | ISO_COMPUTE_OUT    |
| u_compute/result_data[75]
                         | LowConn  | Out      | snps_PD_COMPUTE__ISO_COMPUTE_OUT_snps_result_data_75__UPF_ISO
                                                                              | LSUPENCLX2_RVT     | ISO_COMPUTE_OUT    |
| u_compute/result_data[76]
                         | LowConn  | Out      | snps_PD_COMPUTE__ISO_COMPUTE_OUT_snps_result_data_76__UPF_ISO
                                                                              | LSUPENCLX2_RVT     | ISO_COMPUTE_OUT    |
| u_compute/result_data[77]
                         | LowConn  | Out      | snps_PD_COMPUTE__ISO_COMPUTE_OUT_snps_result_data_77__UPF_ISO
                                                                              | LSUPENCLX2_RVT     | ISO_COMPUTE_OUT    |
| u_compute/result_data[78]
                         | LowConn  | Out      | snps_PD_COMPUTE__ISO_COMPUTE_OUT_snps_result_data_78__UPF_ISO
                                                                              | LSUPENCLX2_RVT     | ISO_COMPUTE_OUT    |
| u_compute/result_data[79]
                         | LowConn  | Out      | snps_PD_COMPUTE__ISO_COMPUTE_OUT_snps_result_data_79__UPF_ISO
                                                                              | LSUPENCLX2_RVT     | ISO_COMPUTE_OUT    |
| u_compute/result_data[80]
                         | LowConn  | Out      | snps_PD_COMPUTE__ISO_COMPUTE_OUT_snps_result_data_80__UPF_ISO
                                                                              | LSUPENCLX2_RVT     | ISO_COMPUTE_OUT    |
| u_compute/result_data[81]
                         | LowConn  | Out      | snps_PD_COMPUTE__ISO_COMPUTE_OUT_snps_result_data_81__UPF_ISO
                                                                              | LSUPENCLX2_RVT     | ISO_COMPUTE_OUT    |
| u_compute/result_data[82]
                         | LowConn  | Out      | snps_PD_COMPUTE__ISO_COMPUTE_OUT_snps_result_data_82__UPF_ISO
                                                                              | LSUPENCLX2_RVT     | ISO_COMPUTE_OUT    |
| u_compute/result_data[83]
                         | LowConn  | Out      | snps_PD_COMPUTE__ISO_COMPUTE_OUT_snps_result_data_83__UPF_ISO
                                                                              | LSUPENCLX2_RVT     | ISO_COMPUTE_OUT    |
| u_compute/result_data[84]
                         | LowConn  | Out      | snps_PD_COMPUTE__ISO_COMPUTE_OUT_snps_result_data_84__UPF_ISO
                                                                              | LSUPENCLX2_RVT     | ISO_COMPUTE_OUT    |
| u_compute/result_data[85]
                         | LowConn  | Out      | snps_PD_COMPUTE__ISO_COMPUTE_OUT_snps_result_data_85__UPF_ISO
                                                                              | LSUPENCLX2_RVT     | ISO_COMPUTE_OUT    |
| u_compute/result_data[86]
                         | LowConn  | Out      | snps_PD_COMPUTE__ISO_COMPUTE_OUT_snps_result_data_86__UPF_ISO
                                                                              | LSUPENCLX2_RVT     | ISO_COMPUTE_OUT    |
| u_compute/result_data[87]
                         | LowConn  | Out      | snps_PD_COMPUTE__ISO_COMPUTE_OUT_snps_result_data_87__UPF_ISO
                                                                              | LSUPENCLX2_RVT     | ISO_COMPUTE_OUT    |
| u_compute/result_data[88]
                         | LowConn  | Out      | snps_PD_COMPUTE__ISO_COMPUTE_OUT_snps_result_data_88__UPF_ISO
                                                                              | LSUPENCLX2_RVT     | ISO_COMPUTE_OUT    |
| u_compute/result_data[89]
                         | LowConn  | Out      | snps_PD_COMPUTE__ISO_COMPUTE_OUT_snps_result_data_89__UPF_ISO
                                                                              | LSUPENCLX2_RVT     | ISO_COMPUTE_OUT    |
| u_compute/result_data[90]
                         | LowConn  | Out      | snps_PD_COMPUTE__ISO_COMPUTE_OUT_snps_result_data_90__UPF_ISO
                                                                              | LSUPENCLX2_RVT     | ISO_COMPUTE_OUT    |
| u_compute/result_data[91]
                         | LowConn  | Out      | snps_PD_COMPUTE__ISO_COMPUTE_OUT_snps_result_data_91__UPF_ISO
                                                                              | LSUPENCLX2_RVT     | ISO_COMPUTE_OUT    |
| u_compute/result_data[92]
                         | LowConn  | Out      | snps_PD_COMPUTE__ISO_COMPUTE_OUT_snps_result_data_92__UPF_ISO
                                                                              | LSUPENCLX2_RVT     | ISO_COMPUTE_OUT    |
| u_compute/result_data[93]
                         | LowConn  | Out      | snps_PD_COMPUTE__ISO_COMPUTE_OUT_snps_result_data_93__UPF_ISO
                                                                              | LSUPENCLX2_RVT     | ISO_COMPUTE_OUT    |
| u_compute/result_data[94]
                         | LowConn  | Out      | snps_PD_COMPUTE__ISO_COMPUTE_OUT_snps_result_data_94__UPF_ISO
                                                                              | LSUPENCLX2_RVT     | ISO_COMPUTE_OUT    |
| u_compute/result_data[95]
                         | LowConn  | Out      | snps_PD_COMPUTE__ISO_COMPUTE_OUT_snps_result_data_95__UPF_ISO
                                                                              | LSUPENCLX2_RVT     | ISO_COMPUTE_OUT    |
| u_compute/result_data[96]
                         | LowConn  | Out      | snps_PD_COMPUTE__ISO_COMPUTE_OUT_snps_result_data_96__UPF_ISO
                                                                              | LSUPENCLX2_RVT     | ISO_COMPUTE_OUT    |
| u_compute/result_data[97]
                         | LowConn  | Out      | snps_PD_COMPUTE__ISO_COMPUTE_OUT_snps_result_data_97__UPF_ISO
                                                                              | LSUPENCLX2_RVT     | ISO_COMPUTE_OUT    |
| u_compute/result_data[98]
                         | LowConn  | Out      | snps_PD_COMPUTE__ISO_COMPUTE_OUT_snps_result_data_98__UPF_ISO
                                                                              | LSUPENCLX2_RVT     | ISO_COMPUTE_OUT    |
| u_compute/result_data[99]
                         | LowConn  | Out      | snps_PD_COMPUTE__ISO_COMPUTE_OUT_snps_result_data_99__UPF_ISO
                                                                              | LSUPENCLX2_RVT     | ISO_COMPUTE_OUT    |
| u_compute/result_data[100]
                         | LowConn  | Out      | snps_PD_COMPUTE__ISO_COMPUTE_OUT_snps_result_data_100__UPF_ISO
                                                                              | LSUPENCLX2_RVT     | ISO_COMPUTE_OUT    |
| u_compute/result_data[101]
                         | LowConn  | Out      | snps_PD_COMPUTE__ISO_COMPUTE_OUT_snps_result_data_101__UPF_ISO
                                                                              | LSUPENCLX2_RVT     | ISO_COMPUTE_OUT    |
| u_compute/result_data[102]
                         | LowConn  | Out      | snps_PD_COMPUTE__ISO_COMPUTE_OUT_snps_result_data_102__UPF_ISO
                                                                              | LSUPENCLX2_RVT     | ISO_COMPUTE_OUT    |
| u_compute/result_data[103]
                         | LowConn  | Out      | snps_PD_COMPUTE__ISO_COMPUTE_OUT_snps_result_data_103__UPF_ISO
                                                                              | LSUPENCLX2_RVT     | ISO_COMPUTE_OUT    |
| u_compute/result_data[104]
                         | LowConn  | Out      | snps_PD_COMPUTE__ISO_COMPUTE_OUT_snps_result_data_104__UPF_ISO
                                                                              | LSUPENCLX2_RVT     | ISO_COMPUTE_OUT    |
| u_compute/result_data[105]
                         | LowConn  | Out      | snps_PD_COMPUTE__ISO_COMPUTE_OUT_snps_result_data_105__UPF_ISO
                                                                              | LSUPENCLX2_RVT     | ISO_COMPUTE_OUT    |
| u_compute/result_data[106]
                         | LowConn  | Out      | snps_PD_COMPUTE__ISO_COMPUTE_OUT_snps_result_data_106__UPF_ISO
                                                                              | LSUPENCLX2_RVT     | ISO_COMPUTE_OUT    |
| u_compute/result_data[107]
                         | LowConn  | Out      | snps_PD_COMPUTE__ISO_COMPUTE_OUT_snps_result_data_107__UPF_ISO
                                                                              | LSUPENCLX2_RVT     | ISO_COMPUTE_OUT    |
| u_compute/result_data[108]
                         | LowConn  | Out      | snps_PD_COMPUTE__ISO_COMPUTE_OUT_snps_result_data_108__UPF_ISO
                                                                              | LSUPENCLX2_RVT     | ISO_COMPUTE_OUT    |
| u_compute/result_data[109]
                         | LowConn  | Out      | snps_PD_COMPUTE__ISO_COMPUTE_OUT_snps_result_data_109__UPF_ISO
                                                                              | LSUPENCLX2_RVT     | ISO_COMPUTE_OUT    |
| u_compute/result_data[110]
                         | LowConn  | Out      | snps_PD_COMPUTE__ISO_COMPUTE_OUT_snps_result_data_110__UPF_ISO
                                                                              | LSUPENCLX2_RVT     | ISO_COMPUTE_OUT    |
| u_compute/result_data[111]
                         | LowConn  | Out      | snps_PD_COMPUTE__ISO_COMPUTE_OUT_snps_result_data_111__UPF_ISO
                                                                              | LSUPENCLX2_RVT     | ISO_COMPUTE_OUT    |
| u_compute/result_data[112]
                         | LowConn  | Out      | snps_PD_COMPUTE__ISO_COMPUTE_OUT_snps_result_data_112__UPF_ISO
                                                                              | LSUPENCLX2_RVT     | ISO_COMPUTE_OUT    |
| u_compute/result_data[113]
                         | LowConn  | Out      | snps_PD_COMPUTE__ISO_COMPUTE_OUT_snps_result_data_113__UPF_ISO
                                                                              | LSUPENCLX2_RVT     | ISO_COMPUTE_OUT    |
| u_compute/result_data[114]
                         | LowConn  | Out      | snps_PD_COMPUTE__ISO_COMPUTE_OUT_snps_result_data_114__UPF_ISO
                                                                              | LSUPENCLX2_RVT     | ISO_COMPUTE_OUT    |
| u_compute/result_data[115]
                         | LowConn  | Out      | snps_PD_COMPUTE__ISO_COMPUTE_OUT_snps_result_data_115__UPF_ISO
                                                                              | LSUPENCLX2_RVT     | ISO_COMPUTE_OUT    |
| u_compute/result_data[116]
                         | LowConn  | Out      | snps_PD_COMPUTE__ISO_COMPUTE_OUT_snps_result_data_116__UPF_ISO
                                                                              | LSUPENCLX2_RVT     | ISO_COMPUTE_OUT    |
| u_compute/result_data[117]
                         | LowConn  | Out      | snps_PD_COMPUTE__ISO_COMPUTE_OUT_snps_result_data_117__UPF_ISO
                                                                              | LSUPENCLX2_RVT     | ISO_COMPUTE_OUT    |
| u_compute/result_data[118]
                         | LowConn  | Out      | snps_PD_COMPUTE__ISO_COMPUTE_OUT_snps_result_data_118__UPF_ISO
                                                                              | LSUPENCLX2_RVT     | ISO_COMPUTE_OUT    |
| u_compute/result_data[119]
                         | LowConn  | Out      | snps_PD_COMPUTE__ISO_COMPUTE_OUT_snps_result_data_119__UPF_ISO
                                                                              | LSUPENCLX2_RVT     | ISO_COMPUTE_OUT    |
| u_compute/result_data[120]
                         | LowConn  | Out      | snps_PD_COMPUTE__ISO_COMPUTE_OUT_snps_result_data_120__UPF_ISO
                                                                              | LSUPENCLX2_RVT     | ISO_COMPUTE_OUT    |
| u_compute/result_data[121]
                         | LowConn  | Out      | snps_PD_COMPUTE__ISO_COMPUTE_OUT_snps_result_data_121__UPF_ISO
                                                                              | LSUPENCLX2_RVT     | ISO_COMPUTE_OUT    |
| u_compute/result_data[122]
                         | LowConn  | Out      | snps_PD_COMPUTE__ISO_COMPUTE_OUT_snps_result_data_122__UPF_ISO
                                                                              | LSUPENCLX2_RVT     | ISO_COMPUTE_OUT    |
| u_compute/result_data[123]
                         | LowConn  | Out      | snps_PD_COMPUTE__ISO_COMPUTE_OUT_snps_result_data_123__UPF_ISO
                                                                              | LSUPENCLX2_RVT     | ISO_COMPUTE_OUT    |
| u_compute/result_data[124]
                         | LowConn  | Out      | snps_PD_COMPUTE__ISO_COMPUTE_OUT_snps_result_data_124__UPF_ISO
                                                                              | LSUPENCLX2_RVT     | ISO_COMPUTE_OUT    |
| u_compute/result_data[125]
                         | LowConn  | Out      | snps_PD_COMPUTE__ISO_COMPUTE_OUT_snps_result_data_125__UPF_ISO
                                                                              | LSUPENCLX2_RVT     | ISO_COMPUTE_OUT    |
| u_compute/result_data[126]
                         | LowConn  | Out      | snps_PD_COMPUTE__ISO_COMPUTE_OUT_snps_result_data_126__UPF_ISO
                                                                              | LSUPENCLX2_RVT     | ISO_COMPUTE_OUT    |
| u_compute/result_data[127]
                         | LowConn  | Out      | snps_PD_COMPUTE__ISO_COMPUTE_OUT_snps_result_data_127__UPF_ISO
                                                                              | LSUPENCLX2_RVT     | ISO_COMPUTE_OUT    |
| u_compute/result_data[128]
                         | LowConn  | Out      | snps_PD_COMPUTE__ISO_COMPUTE_OUT_snps_result_data_128__UPF_ISO
                                                                              | LSUPENCLX2_RVT     | ISO_COMPUTE_OUT    |
| u_compute/result_data[129]
                         | LowConn  | Out      | snps_PD_COMPUTE__ISO_COMPUTE_OUT_snps_result_data_129__UPF_ISO
                                                                              | LSUPENCLX2_RVT     | ISO_COMPUTE_OUT    |
| u_compute/result_data[130]
                         | LowConn  | Out      | snps_PD_COMPUTE__ISO_COMPUTE_OUT_snps_result_data_130__UPF_ISO
                                                                              | LSUPENCLX2_RVT     | ISO_COMPUTE_OUT    |
| u_compute/result_data[131]
                         | LowConn  | Out      | snps_PD_COMPUTE__ISO_COMPUTE_OUT_snps_result_data_131__UPF_ISO
                                                                              | LSUPENCLX2_RVT     | ISO_COMPUTE_OUT    |
| u_compute/result_data[132]
                         | LowConn  | Out      | snps_PD_COMPUTE__ISO_COMPUTE_OUT_snps_result_data_132__UPF_ISO
                                                                              | LSUPENCLX2_RVT     | ISO_COMPUTE_OUT    |
| u_compute/result_data[133]
                         | LowConn  | Out      | snps_PD_COMPUTE__ISO_COMPUTE_OUT_snps_result_data_133__UPF_ISO
                                                                              | LSUPENCLX2_RVT     | ISO_COMPUTE_OUT    |
| u_compute/result_data[134]
                         | LowConn  | Out      | snps_PD_COMPUTE__ISO_COMPUTE_OUT_snps_result_data_134__UPF_ISO
                                                                              | LSUPENCLX2_RVT     | ISO_COMPUTE_OUT    |
| u_compute/result_data[135]
                         | LowConn  | Out      | snps_PD_COMPUTE__ISO_COMPUTE_OUT_snps_result_data_135__UPF_ISO
                                                                              | LSUPENCLX2_RVT     | ISO_COMPUTE_OUT    |
| u_compute/result_data[136]
                         | LowConn  | Out      | snps_PD_COMPUTE__ISO_COMPUTE_OUT_snps_result_data_136__UPF_ISO
                                                                              | LSUPENCLX2_RVT     | ISO_COMPUTE_OUT    |
| u_compute/result_data[137]
                         | LowConn  | Out      | snps_PD_COMPUTE__ISO_COMPUTE_OUT_snps_result_data_137__UPF_ISO
                                                                              | LSUPENCLX2_RVT     | ISO_COMPUTE_OUT    |
| u_compute/result_data[138]
                         | LowConn  | Out      | snps_PD_COMPUTE__ISO_COMPUTE_OUT_snps_result_data_138__UPF_ISO
                                                                              | LSUPENCLX2_RVT     | ISO_COMPUTE_OUT    |
| u_compute/result_data[139]
                         | LowConn  | Out      | snps_PD_COMPUTE__ISO_COMPUTE_OUT_snps_result_data_139__UPF_ISO
                                                                              | LSUPENCLX2_RVT     | ISO_COMPUTE_OUT    |
| u_compute/result_data[140]
                         | LowConn  | Out      | snps_PD_COMPUTE__ISO_COMPUTE_OUT_snps_result_data_140__UPF_ISO
                                                                              | LSUPENCLX2_RVT     | ISO_COMPUTE_OUT    |
| u_compute/result_data[141]
                         | LowConn  | Out      | snps_PD_COMPUTE__ISO_COMPUTE_OUT_snps_result_data_141__UPF_ISO
                                                                              | LSUPENCLX2_RVT     | ISO_COMPUTE_OUT    |
| u_compute/result_data[142]
                         | LowConn  | Out      | snps_PD_COMPUTE__ISO_COMPUTE_OUT_snps_result_data_142__UPF_ISO
                                                                              | LSUPENCLX2_RVT     | ISO_COMPUTE_OUT    |
| u_compute/result_data[143]
                         | LowConn  | Out      | snps_PD_COMPUTE__ISO_COMPUTE_OUT_snps_result_data_143__UPF_ISO
                                                                              | LSUPENCLX2_RVT     | ISO_COMPUTE_OUT    |
| u_compute/result_data[144]
                         | LowConn  | Out      | snps_PD_COMPUTE__ISO_COMPUTE_OUT_snps_result_data_144__UPF_ISO
                                                                              | LSUPENCLX2_RVT     | ISO_COMPUTE_OUT    |
| u_compute/result_data[145]
                         | LowConn  | Out      | snps_PD_COMPUTE__ISO_COMPUTE_OUT_snps_result_data_145__UPF_ISO
                                                                              | LSUPENCLX2_RVT     | ISO_COMPUTE_OUT    |
| u_compute/result_data[146]
                         | LowConn  | Out      | snps_PD_COMPUTE__ISO_COMPUTE_OUT_snps_result_data_146__UPF_ISO
                                                                              | LSUPENCLX2_RVT     | ISO_COMPUTE_OUT    |
| u_compute/result_data[147]
                         | LowConn  | Out      | snps_PD_COMPUTE__ISO_COMPUTE_OUT_snps_result_data_147__UPF_ISO
                                                                              | LSUPENCLX2_RVT     | ISO_COMPUTE_OUT    |
| u_compute/result_data[148]
                         | LowConn  | Out      | snps_PD_COMPUTE__ISO_COMPUTE_OUT_snps_result_data_148__UPF_ISO
                                                                              | LSUPENCLX2_RVT     | ISO_COMPUTE_OUT    |
| u_compute/result_data[149]
                         | LowConn  | Out      | snps_PD_COMPUTE__ISO_COMPUTE_OUT_snps_result_data_149__UPF_ISO
                                                                              | LSUPENCLX2_RVT     | ISO_COMPUTE_OUT    |
| u_compute/result_data[152]
                         | LowConn  | Out      | snps_PD_COMPUTE__ISO_COMPUTE_OUT_snps_result_data_152__UPF_ISO
                                                                              | LSUPENCLX2_RVT     | ISO_COMPUTE_OUT    |
| u_compute/result_data[153]
                         | LowConn  | Out      | snps_PD_COMPUTE__ISO_COMPUTE_OUT_snps_result_data_153__UPF_ISO
                                                                              | LSUPENCLX2_RVT     | ISO_COMPUTE_OUT    |
| u_compute/result_data[154]
                         | LowConn  | Out      | snps_PD_COMPUTE__ISO_COMPUTE_OUT_snps_result_data_154__UPF_ISO
                                                                              | LSUPENCLX2_RVT     | ISO_COMPUTE_OUT    |
| u_compute/result_data[155]
                         | LowConn  | Out      | snps_PD_COMPUTE__ISO_COMPUTE_OUT_snps_result_data_155__UPF_ISO
                                                                              | LSUPENCLX2_RVT     | ISO_COMPUTE_OUT    |
| u_compute/result_data[156]
                         | LowConn  | Out      | snps_PD_COMPUTE__ISO_COMPUTE_OUT_snps_result_data_156__UPF_ISO
                                                                              | LSUPENCLX2_RVT     | ISO_COMPUTE_OUT    |
| u_compute/result_data[157]
                         | LowConn  | Out      | snps_PD_COMPUTE__ISO_COMPUTE_OUT_snps_result_data_157__UPF_ISO
                                                                              | LSUPENCLX2_RVT     | ISO_COMPUTE_OUT    |
| u_compute/result_data[158]
                         | LowConn  | Out      | snps_PD_COMPUTE__ISO_COMPUTE_OUT_snps_result_data_158__UPF_ISO
                                                                              | LSUPENCLX2_RVT     | ISO_COMPUTE_OUT    |
| u_compute/result_data[159]
                         | LowConn  | Out      | snps_PD_COMPUTE__ISO_COMPUTE_OUT_snps_result_data_159__UPF_ISO
                                                                              | LSUPENCLX2_RVT     | ISO_COMPUTE_OUT    |
| u_compute/result_data[160]
                         | LowConn  | Out      | snps_PD_COMPUTE__ISO_COMPUTE_OUT_snps_result_data_160__UPF_ISO
                                                                              | LSUPENCLX2_RVT     | ISO_COMPUTE_OUT    |
| u_compute/result_data[165]
                         | LowConn  | Out      | snps_PD_COMPUTE__ISO_COMPUTE_OUT_snps_result_data_165__UPF_ISO
                                                                              | LSUPENCLX2_RVT     | ISO_COMPUTE_OUT    |
| u_compute/result_data[166]
                         | LowConn  | Out      | snps_PD_COMPUTE__ISO_COMPUTE_OUT_snps_result_data_166__UPF_ISO
                                                                              | LSUPENCLX2_RVT     | ISO_COMPUTE_OUT    |
| u_compute/result_data[168]
                         | LowConn  | Out      | snps_PD_COMPUTE__ISO_COMPUTE_OUT_snps_result_data_168__UPF_ISO
                                                                              | LSUPENCLX2_RVT     | ISO_COMPUTE_OUT    |
| u_compute/result_data[171]
                         | LowConn  | Out      | snps_PD_COMPUTE__ISO_COMPUTE_OUT_snps_result_data_171__UPF_ISO
                                                                              | LSUPENCLX2_RVT     | ISO_COMPUTE_OUT    |
| u_compute/result_data[175]
                         | LowConn  | Out      | snps_PD_COMPUTE__ISO_COMPUTE_OUT_snps_result_data_175__UPF_ISO
                                                                              | LSUPENCLX2_RVT     | ISO_COMPUTE_OUT    |
| u_compute/result_data[176]
                         | LowConn  | Out      | snps_PD_COMPUTE__ISO_COMPUTE_OUT_snps_result_data_176__UPF_ISO
                                                                              | LSUPENCLX2_RVT     | ISO_COMPUTE_OUT    |
| u_compute/result_data[177]
                         | LowConn  | Out      | snps_PD_COMPUTE__ISO_COMPUTE_OUT_snps_result_data_177__UPF_ISO
                                                                              | LSUPENCLX2_RVT     | ISO_COMPUTE_OUT    |
| u_compute/result_data[178]
                         | LowConn  | Out      | snps_PD_COMPUTE__ISO_COMPUTE_OUT_snps_result_data_178__UPF_ISO
                                                                              | LSUPENCLX2_RVT     | ISO_COMPUTE_OUT    |
| u_compute/result_data[179]
                         | LowConn  | Out      | snps_PD_COMPUTE__ISO_COMPUTE_OUT_snps_result_data_179__UPF_ISO
                                                                              | LSUPENCLX2_RVT     | ISO_COMPUTE_OUT    |
| u_compute/result_data[180]
                         | LowConn  | Out      | snps_PD_COMPUTE__ISO_COMPUTE_OUT_snps_result_data_180__UPF_ISO
                                                                              | LSUPENCLX2_RVT     | ISO_COMPUTE_OUT    |
| u_compute/result_data[181]
                         | LowConn  | Out      | snps_PD_COMPUTE__ISO_COMPUTE_OUT_snps_result_data_181__UPF_ISO
                                                                              | LSUPENCLX2_RVT     | ISO_COMPUTE_OUT    |
| u_compute/result_data[182]
                         | LowConn  | Out      | snps_PD_COMPUTE__ISO_COMPUTE_OUT_snps_result_data_182__UPF_ISO
                                                                              | LSUPENCLX2_RVT     | ISO_COMPUTE_OUT    |
| u_compute/result_data[183]
                         | LowConn  | Out      | snps_PD_COMPUTE__ISO_COMPUTE_OUT_snps_result_data_183__UPF_ISO
                                                                              | LSUPENCLX2_RVT     | ISO_COMPUTE_OUT    |
| u_compute/result_data[184]
                         | LowConn  | Out      | snps_PD_COMPUTE__ISO_COMPUTE_OUT_snps_result_data_184__UPF_ISO
                                                                              | LSUPENCLX2_RVT     | ISO_COMPUTE_OUT    |
| u_compute/result_data[185]
                         | LowConn  | Out      | snps_PD_COMPUTE__ISO_COMPUTE_OUT_snps_result_data_185__UPF_ISO
                                                                              | LSUPENCLX2_RVT     | ISO_COMPUTE_OUT    |
| u_compute/result_data[186]
                         | LowConn  | Out      | snps_PD_COMPUTE__ISO_COMPUTE_OUT_snps_result_data_186__UPF_ISO
                                                                              | LSUPENCLX2_RVT     | ISO_COMPUTE_OUT    |
| u_compute/result_data[187]
                         | LowConn  | Out      | snps_PD_COMPUTE__ISO_COMPUTE_OUT_snps_result_data_187__UPF_ISO
                                                                              | LSUPENCLX2_RVT     | ISO_COMPUTE_OUT    |
| u_compute/result_data[188]
                         | LowConn  | Out      | snps_PD_COMPUTE__ISO_COMPUTE_OUT_snps_result_data_188__UPF_ISO
                                                                              | LSUPENCLX2_RVT     | ISO_COMPUTE_OUT    |
| u_compute/result_data[189]
                         | LowConn  | Out      | snps_PD_COMPUTE__ISO_COMPUTE_OUT_snps_result_data_189__UPF_ISO
                                                                              | LSUPENCLX2_RVT     | ISO_COMPUTE_OUT    |
| u_compute/result_data[190]
                         | LowConn  | Out      | snps_PD_COMPUTE__ISO_COMPUTE_OUT_snps_result_data_190__UPF_ISO
                                                                              | LSUPENCLX2_RVT     | ISO_COMPUTE_OUT    |
| u_compute/result_data[191]
                         | LowConn  | Out      | snps_PD_COMPUTE__ISO_COMPUTE_OUT_snps_result_data_191__UPF_ISO
                                                                              | LSUPENCLX2_RVT     | ISO_COMPUTE_OUT    |
| u_compute/result_data[192]
                         | LowConn  | Out      | snps_PD_COMPUTE__ISO_COMPUTE_OUT_snps_result_data_192__UPF_ISO
                                                                              | LSUPENCLX2_RVT     | ISO_COMPUTE_OUT    |
| u_compute/result_data[193]
                         | LowConn  | Out      | snps_PD_COMPUTE__ISO_COMPUTE_OUT_snps_result_data_193__UPF_ISO
                                                                              | LSUPENCLX2_RVT     | ISO_COMPUTE_OUT    |
| u_compute/result_data[194]
                         | LowConn  | Out      | snps_PD_COMPUTE__ISO_COMPUTE_OUT_snps_result_data_194__UPF_ISO
                                                                              | LSUPENCLX2_RVT     | ISO_COMPUTE_OUT    |
| u_compute/result_data[195]
                         | LowConn  | Out      | snps_PD_COMPUTE__ISO_COMPUTE_OUT_snps_result_data_195__UPF_ISO
                                                                              | LSUPENCLX2_RVT     | ISO_COMPUTE_OUT    |
| u_compute/result_data[196]
                         | LowConn  | Out      | snps_PD_COMPUTE__ISO_COMPUTE_OUT_snps_result_data_196__UPF_ISO
                                                                              | LSUPENCLX2_RVT     | ISO_COMPUTE_OUT    |
| u_compute/result_data[197]
                         | LowConn  | Out      | snps_PD_COMPUTE__ISO_COMPUTE_OUT_snps_result_data_197__UPF_ISO
                                                                              | LSUPENCLX2_RVT     | ISO_COMPUTE_OUT    |
| u_compute/result_data[198]
                         | LowConn  | Out      | snps_PD_COMPUTE__ISO_COMPUTE_OUT_snps_result_data_198__UPF_ISO
                                                                              | LSUPENCLX2_RVT     | ISO_COMPUTE_OUT    |
| u_compute/result_data[199]
                         | LowConn  | Out      | snps_PD_COMPUTE__ISO_COMPUTE_OUT_snps_result_data_199__UPF_ISO
                                                                              | LSUPENCLX2_RVT     | ISO_COMPUTE_OUT    |
| u_compute/result_data[200]
                         | LowConn  | Out      | snps_PD_COMPUTE__ISO_COMPUTE_OUT_snps_result_data_200__UPF_ISO
                                                                              | LSUPENCLX2_RVT     | ISO_COMPUTE_OUT    |
| u_compute/result_data[201]
                         | LowConn  | Out      | snps_PD_COMPUTE__ISO_COMPUTE_OUT_snps_result_data_201__UPF_ISO
                                                                              | LSUPENCLX2_RVT     | ISO_COMPUTE_OUT    |
| u_compute/result_data[202]
                         | LowConn  | Out      | snps_PD_COMPUTE__ISO_COMPUTE_OUT_snps_result_data_202__UPF_ISO
                                                                              | LSUPENCLX2_RVT     | ISO_COMPUTE_OUT    |
| u_compute/result_data[203]
                         | LowConn  | Out      | snps_PD_COMPUTE__ISO_COMPUTE_OUT_snps_result_data_203__UPF_ISO
                                                                              | LSUPENCLX2_RVT     | ISO_COMPUTE_OUT    |
| u_compute/result_data[204]
                         | LowConn  | Out      | snps_PD_COMPUTE__ISO_COMPUTE_OUT_snps_result_data_204__UPF_ISO
                                                                              | LSUPENCLX2_RVT     | ISO_COMPUTE_OUT    |
| u_compute/result_data[205]
                         | LowConn  | Out      | snps_PD_COMPUTE__ISO_COMPUTE_OUT_snps_result_data_205__UPF_ISO
                                                                              | LSUPENCLX2_RVT     | ISO_COMPUTE_OUT    |
| u_compute/result_data[206]
                         | LowConn  | Out      | snps_PD_COMPUTE__ISO_COMPUTE_OUT_snps_result_data_206__UPF_ISO
                                                                              | LSUPENCLX2_RVT     | ISO_COMPUTE_OUT    |
| u_compute/result_data[207]
                         | LowConn  | Out      | snps_PD_COMPUTE__ISO_COMPUTE_OUT_snps_result_data_207__UPF_ISO
                                                                              | LSUPENCLX2_RVT     | ISO_COMPUTE_OUT    |
| u_compute/result_data[208]
                         | LowConn  | Out      | snps_PD_COMPUTE__ISO_COMPUTE_OUT_snps_result_data_208__UPF_ISO
                                                                              | LSUPENCLX2_RVT     | ISO_COMPUTE_OUT    |
| u_compute/result_data[209]
                         | LowConn  | Out      | snps_PD_COMPUTE__ISO_COMPUTE_OUT_snps_result_data_209__UPF_ISO
                                                                              | LSUPENCLX2_RVT     | ISO_COMPUTE_OUT    |
| u_compute/result_data[210]
                         | LowConn  | Out      | snps_PD_COMPUTE__ISO_COMPUTE_OUT_snps_result_data_210__UPF_ISO
                                                                              | LSUPENCLX2_RVT     | ISO_COMPUTE_OUT    |
| u_compute/result_data[211]
                         | LowConn  | Out      | snps_PD_COMPUTE__ISO_COMPUTE_OUT_snps_result_data_211__UPF_ISO
                                                                              | LSUPENCLX2_RVT     | ISO_COMPUTE_OUT    |
| u_compute/result_data[212]
                         | LowConn  | Out      | snps_PD_COMPUTE__ISO_COMPUTE_OUT_snps_result_data_212__UPF_ISO
                                                                              | LSUPENCLX2_RVT     | ISO_COMPUTE_OUT    |
| u_compute/result_data[213]
                         | LowConn  | Out      | snps_PD_COMPUTE__ISO_COMPUTE_OUT_snps_result_data_213__UPF_ISO
                                                                              | LSUPENCLX2_RVT     | ISO_COMPUTE_OUT    |
| u_compute/result_data[214]
                         | LowConn  | Out      | snps_PD_COMPUTE__ISO_COMPUTE_OUT_snps_result_data_214__UPF_ISO
                                                                              | LSUPENCLX2_RVT     | ISO_COMPUTE_OUT    |
| u_compute/result_data[215]
                         | LowConn  | Out      | snps_PD_COMPUTE__ISO_COMPUTE_OUT_snps_result_data_215__UPF_ISO
                                                                              | LSUPENCLX2_RVT     | ISO_COMPUTE_OUT    |
| u_compute/result_data[216]
                         | LowConn  | Out      | snps_PD_COMPUTE__ISO_COMPUTE_OUT_snps_result_data_216__UPF_ISO
                                                                              | LSUPENCLX2_RVT     | ISO_COMPUTE_OUT    |
| u_compute/result_data[217]
                         | LowConn  | Out      | snps_PD_COMPUTE__ISO_COMPUTE_OUT_snps_result_data_217__UPF_ISO
                                                                              | LSUPENCLX2_RVT     | ISO_COMPUTE_OUT    |
| u_compute/result_data[218]
                         | LowConn  | Out      | snps_PD_COMPUTE__ISO_COMPUTE_OUT_snps_result_data_218__UPF_ISO
                                                                              | LSUPENCLX2_RVT     | ISO_COMPUTE_OUT    |
| u_compute/result_data[219]
                         | LowConn  | Out      | snps_PD_COMPUTE__ISO_COMPUTE_OUT_snps_result_data_219__UPF_ISO
                                                                              | LSUPENCLX2_RVT     | ISO_COMPUTE_OUT    |
| u_compute/result_data[220]
                         | LowConn  | Out      | snps_PD_COMPUTE__ISO_COMPUTE_OUT_snps_result_data_220__UPF_ISO
                                                                              | LSUPENCLX2_RVT     | ISO_COMPUTE_OUT    |
| u_compute/result_data[221]
                         | LowConn  | Out      | snps_PD_COMPUTE__ISO_COMPUTE_OUT_snps_result_data_221__UPF_ISO
                                                                              | LSUPENCLX2_RVT     | ISO_COMPUTE_OUT    |
| u_compute/result_data[222]
                         | LowConn  | Out      | snps_PD_COMPUTE__ISO_COMPUTE_OUT_snps_result_data_222__UPF_ISO
                                                                              | LSUPENCLX2_RVT     | ISO_COMPUTE_OUT    |
| u_compute/result_data[223]
                         | LowConn  | Out      | snps_PD_COMPUTE__ISO_COMPUTE_OUT_snps_result_data_223__UPF_ISO
                                                                              | LSUPENCLX2_RVT     | ISO_COMPUTE_OUT    |
| u_compute/result_data[224]
                         | LowConn  | Out      | snps_PD_COMPUTE__ISO_COMPUTE_OUT_snps_result_data_224__UPF_ISO
                                                                              | LSUPENCLX2_RVT     | ISO_COMPUTE_OUT    |
| u_compute/result_data[225]
                         | LowConn  | Out      | snps_PD_COMPUTE__ISO_COMPUTE_OUT_snps_result_data_225__UPF_ISO
                                                                              | LSUPENCLX2_RVT     | ISO_COMPUTE_OUT    |
| u_compute/result_data[226]
                         | LowConn  | Out      | snps_PD_COMPUTE__ISO_COMPUTE_OUT_snps_result_data_226__UPF_ISO
                                                                              | LSUPENCLX2_RVT     | ISO_COMPUTE_OUT    |
| u_compute/result_data[227]
                         | LowConn  | Out      | snps_PD_COMPUTE__ISO_COMPUTE_OUT_snps_result_data_227__UPF_ISO
                                                                              | LSUPENCLX2_RVT     | ISO_COMPUTE_OUT    |
| u_compute/result_data[228]
                         | LowConn  | Out      | snps_PD_COMPUTE__ISO_COMPUTE_OUT_snps_result_data_228__UPF_ISO
                                                                              | LSUPENCLX2_RVT     | ISO_COMPUTE_OUT    |
| u_compute/result_data[229]
                         | LowConn  | Out      | snps_PD_COMPUTE__ISO_COMPUTE_OUT_snps_result_data_229__UPF_ISO
                                                                              | LSUPENCLX2_RVT     | ISO_COMPUTE_OUT    |
| u_compute/result_data[230]
                         | LowConn  | Out      | snps_PD_COMPUTE__ISO_COMPUTE_OUT_snps_result_data_230__UPF_ISO
                                                                              | LSUPENCLX2_RVT     | ISO_COMPUTE_OUT    |
| u_compute/result_data[231]
                         | LowConn  | Out      | snps_PD_COMPUTE__ISO_COMPUTE_OUT_snps_result_data_231__UPF_ISO
                                                                              | LSUPENCLX2_RVT     | ISO_COMPUTE_OUT    |
| u_compute/result_data[232]
                         | LowConn  | Out      | snps_PD_COMPUTE__ISO_COMPUTE_OUT_snps_result_data_232__UPF_ISO
                                                                              | LSUPENCLX2_RVT     | ISO_COMPUTE_OUT    |
| u_compute/result_data[233]
                         | LowConn  | Out      | snps_PD_COMPUTE__ISO_COMPUTE_OUT_snps_result_data_233__UPF_ISO
                                                                              | LSUPENCLX2_RVT     | ISO_COMPUTE_OUT    |
| u_compute/result_data[234]
                         | LowConn  | Out      | snps_PD_COMPUTE__ISO_COMPUTE_OUT_snps_result_data_234__UPF_ISO
                                                                              | LSUPENCLX2_RVT     | ISO_COMPUTE_OUT    |
| u_compute/result_data[235]
                         | LowConn  | Out      | snps_PD_COMPUTE__ISO_COMPUTE_OUT_snps_result_data_235__UPF_ISO
                                                                              | LSUPENCLX2_RVT     | ISO_COMPUTE_OUT    |
| u_compute/result_data[236]
                         | LowConn  | Out      | snps_PD_COMPUTE__ISO_COMPUTE_OUT_snps_result_data_236__UPF_ISO
                                                                              | LSUPENCLX2_RVT     | ISO_COMPUTE_OUT    |
| u_compute/result_data[237]
                         | LowConn  | Out      | snps_PD_COMPUTE__ISO_COMPUTE_OUT_snps_result_data_237__UPF_ISO
                                                                              | LSUPENCLX2_RVT     | ISO_COMPUTE_OUT    |
| u_compute/result_data[239]
                         | LowConn  | Out      | snps_PD_COMPUTE__ISO_COMPUTE_OUT_snps_result_data_239__UPF_ISO
                                                                              | LSUPENCLX2_RVT     | ISO_COMPUTE_OUT    |
| u_compute/result_data[240]
                         | LowConn  | Out      | snps_PD_COMPUTE__ISO_COMPUTE_OUT_snps_result_data_240__UPF_ISO
                                                                              | LSUPENCLX2_RVT     | ISO_COMPUTE_OUT    |
| u_compute/result_data[242]
                         | LowConn  | Out      | snps_PD_COMPUTE__ISO_COMPUTE_OUT_snps_result_data_242__UPF_ISO
                                                                              | LSUPENCLX2_RVT     | ISO_COMPUTE_OUT    |
| u_compute/result_data[243]
                         | LowConn  | Out      | snps_PD_COMPUTE__ISO_COMPUTE_OUT_snps_result_data_243__UPF_ISO
                                                                              | LSUPENCLX2_RVT     | ISO_COMPUTE_OUT    |
| u_compute/result_data[245]
                         | LowConn  | Out      | snps_PD_COMPUTE__ISO_COMPUTE_OUT_snps_result_data_245__UPF_ISO
                                                                              | LSUPENCLX2_RVT     | ISO_COMPUTE_OUT    |
| u_compute/result_data[246]
                         | LowConn  | Out      | snps_PD_COMPUTE__ISO_COMPUTE_OUT_snps_result_data_246__UPF_ISO
                                                                              | LSUPENCLX2_RVT     | ISO_COMPUTE_OUT    |
| u_compute/result_data[248]
                         | LowConn  | Out      | snps_PD_COMPUTE__ISO_COMPUTE_OUT_snps_result_data_248__UPF_ISO
                                                                              | LSUPENCLX2_RVT     | ISO_COMPUTE_OUT    |
| u_compute/result_data[249]
                         | LowConn  | Out      | snps_PD_COMPUTE__ISO_COMPUTE_OUT_snps_result_data_249__UPF_ISO
                                                                              | LSUPENCLX2_RVT     | ISO_COMPUTE_OUT    |
| u_compute/result_data[250]
                         | LowConn  | Out      | snps_PD_COMPUTE__ISO_COMPUTE_OUT_snps_result_data_250__UPF_ISO
                                                                              | LSUPENCLX2_RVT     | ISO_COMPUTE_OUT    |
| u_compute/result_data[251]
                         | LowConn  | Out      | snps_PD_COMPUTE__ISO_COMPUTE_OUT_snps_result_data_251__UPF_ISO
                                                                              | LSUPENCLX2_RVT     | ISO_COMPUTE_OUT    |
| u_compute/result_data[252]
                         | LowConn  | Out      | snps_PD_COMPUTE__ISO_COMPUTE_OUT_snps_result_data_252__UPF_ISO
                                                                              | LSUPENCLX2_RVT     | ISO_COMPUTE_OUT    |
| u_compute/result_data[253]
                         | LowConn  | Out      | snps_PD_COMPUTE__ISO_COMPUTE_OUT_snps_result_data_253__UPF_ISO
                                                                              | LSUPENCLX2_RVT     | ISO_COMPUTE_OUT    |
| u_compute/result_data[254]
                         | LowConn  | Out      | snps_PD_COMPUTE__ISO_COMPUTE_OUT_snps_result_data_254__UPF_ISO
                                                                              | LSUPENCLX2_RVT     | ISO_COMPUTE_OUT    |
| u_compute/result_data[255]
                         | LowConn  | Out      | snps_PD_COMPUTE__ISO_COMPUTE_OUT_snps_result_data_255__UPF_ISO
                                                                              | LSUPENCLX2_RVT     | ISO_COMPUTE_OUT    |
| u_compute/done         | LowConn  | Out      | snps_PD_COMPUTE__ISO_COMPUTE_OUT_snps_done_UPF_ISO
                                                                              | LSUPENCLX2_RVT     | ISO_COMPUTE_OUT    |
| u_compute/busy         | LowConn  | Out      | snps_PD_COMPUTE__ISO_COMPUTE_OUT_snps_busy_UPF_ISO
                                                                              | LSUPENCLX2_RVT     | ISO_COMPUTE_OUT    |
=========================================================================================================================

------------------------------------------------------------------------------------------------------------------------------------------------
1
