 
****************************************
Report : power
        -hier
        -analysis_effort low
Design : accel_top
Version: V-2023.12-SP4
Date   : Fri May 29 14:19:17 2026
****************************************


Library(s) Used:

    saed32rvt_tt1p05v25c (File: /data/pdk/pdk32nm/SAED32_EDK/lib/stdcell_rvt/db_ccs/saed32rvt_tt1p05v25c.db)
    saed32rvt_ulvl_tt1p05v25c_i0p78v (File: /data/pdk/pdk32nm/SAED32_EDK/lib/stdcell_rvt/db_ccs/saed32rvt_ulvl_tt1p05v25c_i0p78v.db)
    saed32rvt_tt0p78v25c (File: /data/pdk/pdk32nm/SAED32_EDK/lib/stdcell_rvt/db_ccs/saed32rvt_tt0p78v25c.db)


Global Operating Voltage = 1.05 
Power-specific unit information :
    Voltage Units = 1V
    Capacitance Units = 1.000000ff
    Time Units = 1ns
    Dynamic Power Units = 1uW    (derived from V,C,T units)
    Leakage Power Units = 1pW


--------------------------------------------------------------------------------
                                       Switch   Int      Leak     Total
Hierarchy                              Power    Power    Power    Power    %
--------------------------------------------------------------------------------
accel_top                               147.654  342.188 3.13e+09 3.62e+03 100.0
  u_compute (systolic_array_8x8)         18.149   55.497 2.35e+09 2.42e+03  66.8
    DP_OP_613J1_125_8972 (systolic_array_8x8_DP_OP_613J1_125_8972_1)
                                       2.98e-03 2.79e-03 2.29e+07   22.875   0.6
    DP_OP_623J1_135_8972 (systolic_array_8x8_DP_OP_623J1_135_8972_1)
                                       3.01e-03 3.06e-03 2.37e+07   23.727   0.7
    DP_OP_624J1_136_8972 (systolic_array_8x8_DP_OP_624J1_136_8972_1)
                                       3.02e-03 3.29e-03 2.38e+07   23.765   0.7
    DP_OP_625J1_137_8972 (systolic_array_8x8_DP_OP_625J1_137_8972_1)
                                       2.97e-03 2.79e-03 2.32e+07   23.222   0.6
    DP_OP_626J1_138_8972 (systolic_array_8x8_DP_OP_626J1_138_8972_1)
                                       2.98e-03 2.79e-03 2.29e+07   22.875   0.6
    DP_OP_627J1_139_8972 (systolic_array_8x8_DP_OP_627J1_139_8972_1)
                                       3.00e-03 2.93e-03 2.30e+07   23.017   0.6
    DP_OP_628J1_140_8972 (systolic_array_8x8_DP_OP_628J1_140_8972_1)
                                       3.02e-03 3.15e-03 2.34e+07   23.437   0.6
    DP_OP_631J1_143_8972 (systolic_array_8x8_DP_OP_631J1_143_8972_1)
                                       3.00e-03 3.02e-03 2.32e+07   23.223   0.6
    DP_OP_632J1_144_8972 (systolic_array_8x8_DP_OP_632J1_144_8972_1)
                                       2.98e-03 2.79e-03 2.29e+07   22.875   0.6
    DP_OP_633J1_145_8972 (systolic_array_8x8_DP_OP_633J1_145_8972_1)
                                       2.98e-03 2.79e-03 2.29e+07   22.875   0.6
    DP_OP_634J1_146_8972 (systolic_array_8x8_DP_OP_634J1_146_8972_1)
                                       3.02e-03 3.04e-03 2.37e+07   23.748   0.7
    DP_OP_635J1_147_8972 (systolic_array_8x8_DP_OP_635J1_147_8972_1)
                                       3.01e-03 3.18e-03 2.38e+07   23.765   0.7
    DP_OP_636J1_148_8972 (systolic_array_8x8_DP_OP_636J1_148_8972_1)
                                       3.02e-03 3.04e-03 2.37e+07   23.748   0.7
    DP_OP_639J1_151_8972 (systolic_array_8x8_DP_OP_639J1_151_8972_1)
                                       2.98e-03 2.79e-03 2.29e+07   22.875   0.6
    DP_OP_640J1_152_8972 (systolic_array_8x8_DP_OP_640J1_152_8972_1)
                                       3.03e-03 3.04e-03 2.33e+07   23.327   0.6
    DP_OP_641J1_153_8972 (systolic_array_8x8_DP_OP_641J1_153_8972_1)
                                       2.98e-03 2.79e-03 2.29e+07   22.875   0.6
    DP_OP_642J1_154_8972 (systolic_array_8x8_DP_OP_642J1_154_8972_1)
                                       2.98e-03 2.79e-03 2.29e+07   22.875   0.6
    DP_OP_643J1_155_8972 (systolic_array_8x8_DP_OP_643J1_155_8972_1)
                                       3.00e-03 2.93e-03 2.37e+07   23.712   0.7
    DP_OP_644J1_156_8972 (systolic_array_8x8_DP_OP_644J1_156_8972_1)
                                       2.99e-03 2.80e-03 2.40e+07   24.048   0.7
    DP_OP_647J1_159_8972 (systolic_array_8x8_DP_OP_647J1_159_8972_1)
                                       3.00e-03 3.02e-03 2.32e+07   23.223   0.6
    DP_OP_648J1_160_8972 (systolic_array_8x8_DP_OP_648J1_160_8972_1)
                                       3.01e-03 3.18e-03 2.38e+07   23.837   0.7
    DP_OP_649J1_161_8972 (systolic_array_8x8_DP_OP_649J1_161_8972_1)
                                       3.03e-03 3.04e-03 2.40e+07   24.023   0.7
    DP_OP_650J1_162_8972 (systolic_array_8x8_DP_OP_650J1_162_8972_1)
                                       3.02e-03 3.04e-03 2.37e+07   23.748   0.7
    DP_OP_651J1_163_8972 (systolic_array_8x8_DP_OP_651J1_163_8972_1)
                                       3.01e-03 3.04e-03 2.37e+07   23.675   0.7
    DP_OP_652J1_164_8972 (systolic_array_8x8_DP_OP_652J1_164_8972_1)
                                       2.98e-03 2.79e-03 2.29e+07   22.875   0.6
    DP_OP_655J1_167_8972 (systolic_array_8x8_DP_OP_655J1_167_8972_1)
                                       2.98e-03 2.79e-03 2.29e+07   22.875   0.6
    DP_OP_656J1_168_8972 (systolic_array_8x8_DP_OP_656J1_168_8972_1)
                                       3.02e-03 3.04e-03 2.37e+07   23.748   0.7
    DP_OP_657J1_169_8972 (systolic_array_8x8_DP_OP_657J1_169_8972_1)
                                       2.99e-03 2.93e-03 2.34e+07   23.364   0.6
    DP_OP_658J1_170_8972 (systolic_array_8x8_DP_OP_658J1_170_8972_1)
                                       3.03e-03 3.06e-03 2.34e+07   23.380   0.6
    DP_OP_659J1_171_8972 (systolic_array_8x8_DP_OP_659J1_171_8972_1)
                                       3.01e-03 3.15e-03 2.37e+07   23.712   0.7
    DP_OP_660J1_172_8972 (systolic_array_8x8_DP_OP_660J1_172_8972_1)
                                       2.98e-03 2.79e-03 2.29e+07   22.875   0.6
    DP_OP_663J1_175_8972 (systolic_array_8x8_DP_OP_663J1_175_8972_1)
                                       2.98e-03 2.91e-03 2.36e+07   23.607   0.7
    DP_OP_664J1_176_8972 (systolic_array_8x8_DP_OP_664J1_176_8972_1)
                                       3.02e-03 3.04e-03 2.37e+07   23.748   0.7
    DP_OP_665J1_177_8972 (systolic_array_8x8_DP_OP_665J1_177_8972_1)
                                       3.02e-03 3.04e-03 2.33e+07   23.333   0.6
    DP_OP_666J1_178_8972 (systolic_array_8x8_DP_OP_666J1_178_8972_1)
                                       3.00e-03 3.24e-03 2.33e+07   23.260   0.6
    DP_OP_667J1_179_8972 (systolic_array_8x8_DP_OP_667J1_179_8972_1)
                                       2.98e-03 2.79e-03 2.29e+07   22.875   0.6
    DP_OP_610J1_122_8972 (systolic_array_8x8_DP_OP_610J1_122_8972_0)
                                       2.98e-03 2.71e-03 2.24e+07   22.414   0.6
    DP_OP_611J1_123_8972 (systolic_array_8x8_DP_OP_611J1_123_8972_0)
                                       2.98e-03 2.75e-03 2.24e+07   22.414   0.6
    DP_OP_612J1_124_8972 (systolic_array_8x8_DP_OP_612J1_124_8972_0)
                                       2.98e-03 2.75e-03 2.24e+07   22.414   0.6
    DP_OP_629J1_141_8972 (systolic_array_8x8_DP_OP_629J1_141_8972_0)
                                       2.98e-03 2.75e-03 2.24e+07   22.414   0.6
    DP_OP_637J1_149_8972 (systolic_array_8x8_DP_OP_637J1_149_8972_0)
                                       2.98e-03 2.75e-03 2.24e+07   22.414   0.6
    DP_OP_645J1_157_8972 (systolic_array_8x8_DP_OP_645J1_157_8972_0)
                                       2.98e-03 2.75e-03 2.24e+07   22.414   0.6
    DP_OP_653J1_165_8972 (systolic_array_8x8_DP_OP_653J1_165_8972_0)
                                       2.98e-03 2.75e-03 2.24e+07   22.414   0.6
    DP_OP_661J1_173_8972 (systolic_array_8x8_DP_OP_661J1_173_8972_0)
                                       2.98e-03 2.75e-03 2.24e+07   22.414   0.6
    DP_OP_669J1_181_8972 (systolic_array_8x8_DP_OP_669J1_181_8972_0)
                                       2.98e-03 2.75e-03 2.24e+07   22.414   0.6
    DP_OP_670J1_182_8972 (systolic_array_8x8_DP_OP_670J1_182_8972_0)
                                       2.98e-03 2.75e-03 2.24e+07   22.414   0.6
    DP_OP_671J1_183_8972 (systolic_array_8x8_DP_OP_671J1_183_8972_0)
                                       2.98e-03 2.75e-03 2.24e+07   22.414   0.6
    DP_OP_672J1_184_8972 (systolic_array_8x8_DP_OP_672J1_184_8972_0)
                                       2.98e-03 2.75e-03 2.24e+07   22.414   0.6
    DP_OP_673J1_185_8972 (systolic_array_8x8_DP_OP_673J1_185_8972_0)
                                       3.01e-03 3.20e-03 2.38e+07   23.842   0.7
    DP_OP_614J1_126_8972 (systolic_array_8x8_DP_OP_614J1_126_8972_0)
                                       7.86e-04 2.13e-03 2.83e+07   28.347   0.8
    DP_OP_615J1_127_8972 (systolic_array_8x8_DP_OP_615J1_127_8972_0)
                                       1.76e-03 2.31e-03 2.94e+07   29.393   0.8
    DP_OP_616J1_128_8972 (systolic_array_8x8_DP_OP_616J1_128_8972_0)
                                       1.76e-03 2.30e-03 2.85e+07   28.542   0.8
    DP_OP_617J1_129_8972 (systolic_array_8x8_DP_OP_617J1_129_8972_0)
                                       1.78e-03 2.59e-03 2.96e+07   29.593   0.8
    DP_OP_618J1_130_8972 (systolic_array_8x8_DP_OP_618J1_130_8972_0)
                                       1.77e-03 2.49e-03 2.86e+07   28.576   0.8
    DP_OP_619J1_131_8972 (systolic_array_8x8_DP_OP_619J1_131_8972_0)
                                       1.78e-03 2.49e-03 2.95e+07   29.474   0.8
    DP_OP_620J1_132_8972 (systolic_array_8x8_DP_OP_620J1_132_8972_0)
                                       1.76e-03 2.30e-03 2.86e+07   28.618   0.8
    DP_OP_621J1_133_8972 (systolic_array_8x8_DP_OP_621J1_133_8972_0)
                                       1.78e-03 2.45e-03 2.93e+07   29.256   0.8
    DP_OP_622J1_134_8972 (systolic_array_8x8_DP_OP_622J1_134_8972_0)
                                       1.78e-03 2.40e-03 2.96e+07   29.582   0.8
    DP_OP_630J1_142_8972 (systolic_array_8x8_DP_OP_630J1_142_8972_0)
                                       1.80e-03 2.59e-03 3.04e+07   30.393   0.8
    DP_OP_638J1_150_8972 (systolic_array_8x8_DP_OP_638J1_150_8972_0)
                                       1.78e-03 2.39e-03 2.84e+07   28.382   0.8
    DP_OP_646J1_158_8972 (systolic_array_8x8_DP_OP_646J1_158_8972_0)
                                       1.77e-03 2.17e-03 2.86e+07   28.630   0.8
    DP_OP_654J1_166_8972 (systolic_array_8x8_DP_OP_654J1_166_8972_0)
                                       1.78e-03 2.39e-03 2.85e+07   28.505   0.8
    DP_OP_662J1_174_8972 (systolic_array_8x8_DP_OP_662J1_174_8972_0)
                                       1.77e-03 2.18e-03 2.90e+07   29.052   0.8
    DP_OP_668J1_180_8972 (systolic_array_8x8_DP_OP_668J1_180_8972_0)
                                       1.79e-03 2.36e-03 2.84e+07   28.429   0.8
  u_regs (accel_regs)                   129.489  286.674 7.41e+08 1.16e+03  31.9
1
