 
****************************************
Report : qor
Design : accel_top
Version: V-2023.12-SP4
Date   : Fri May 29 14:19:17 2026
****************************************


  Timing Path Group 'clk'
  -----------------------------------
  Levels of Logic:              35.00
  Critical Path Length:          5.70
  Critical Path Slack:          -0.72
  Critical Path Clk Period:      5.30
  Total Negative Slack:      -1780.32
  No. of Violating Paths:     3588.00
  Worst Hold Violation:         -0.11
  Total Hold Violation:         -8.59
  No. of Hold Violations:      140.00
  -----------------------------------


  Cell Count
  -----------------------------------
  Hierarchical Cell Count:        356
  Hierarchical Port Count:       7238
  Leaf Cell Count:              32128
  Buf/Inv Cell Count:            4517
  Buf Cell Count:                 548
  Inv Cell Count:                3969
  CT Buf/Inv Cell Count:            0
  Combinational Cell Count:     25664
  Sequential Cell Count:         6464
  Macro Count:                      0
  -----------------------------------


  Area
  -----------------------------------
  Combinational Area:    71341.778283
  Noncombinational Area: 45247.290342
  Buf/Inv Area:           6359.699529
  Total Buffer Area:          1170.08
  Total Inverter Area:        5189.62
  Macro/Black Box Area:      0.000000
  Net Area:              33307.102585
  -----------------------------------
  Cell Area:            116589.068626
  Design Area:          149896.171210


  Design Rules
  -----------------------------------
  Total Number of Nets:         36822
  Nets With Violations:             1
  Max Trans Violations:             1
  Max Cap Violations:               0
  -----------------------------------


  Hostname: prac2.trg.vlsiexpert.in

  Compile CPU Statistics
  -----------------------------------------
  Resource Sharing:                    6.03
  Logic Optimization:                 35.88
  Mapping Optimization:               86.25
  -----------------------------------------
  Overall Compile Time:              206.26
  Overall Compile Wall Clock Time:   208.71

  --------------------------------------------------------------------

  Design  WNS: 0.72  TNS: 1780.32  Number of Violating Paths: 3588


  Design (Hold)  WNS: 0.11  TNS: 8.59  Number of Violating Paths: 140

  --------------------------------------------------------------------


1
